<?xml version="1.0" encoding="UTF-8"?>
<!-- Generated by org.testng.reporters.JUnitReportReporter -->
<testsuite hostname="Rakshitas-MacBook-Pro.local" failures="0" tests="2" name="Login.LoginTest" time="14.569" errors="0" timestamp="2021-05-22T23:36:13 IST" skipped="0">
  <testcase classname="Login.LoginTest" name="testFailureMessageOnInvalidLogin" time="6.155"/>
  <system-out/>
  <testcase classname="Login.LoginTest" name="testSuccessfulMessageOnValidLoginAndLogout" time="8.414"/>
  <system-out/>
</testsuite> <!-- Login.LoginTest -->
